#
# A fatal error has been detected by the Java Runtime Environment:
#
#  EXCEPTION_ACCESS_VIOLATION (0xc0000005) at pc=0x000000005de58f45, pid=16652, tid=11544
#
# JRE version: Java(TM) SE Runtime Environment (8.0_91-b14) (build 1.8.0_91-b14)
# Java VM: Java HotSpot(TM) 64-Bit Server VM (25.91-b14 mixed mode windows-amd64 compressed oops)
# Problematic frame:
# V  [jvm.dll+0x128f45]
#
# Failed to write core dump. Minidumps are not enabled by default on client versions of Windows
#
# If you would like to submit a bug report, please visit:
#   http://bugreport.java.com/bugreport/crash.jsp
#

---------------  T H R E A D  ---------------

Current thread (0x000000001fe5b000):  JavaThread "JDWP Transport Listener: dt_socket" daemon [_thread_in_vm, id=11544, stack(0x0000000020960000,0x0000000020a60000)]

siginfo: ExceptionCode=0xc0000005, reading address 0xffffffffffffffff

Registers:
RAX=0x0000000020a5f401, RBX=0x000000001fe5b000, RCX=0x63656a624f2f676e, RDX=0x0000000000000000
RSP=0x0000000020a5f480, RBP=0x63656a624f2f676e, RSI=0x0000000020a5f598, RDI=0x0000000004433170
R8 =0x000000001fe5b000, R9 =0x0000000000008000, R10=0x0000000021616d80, R11=0x0000000020a5f6d1
R12=0x0000000000000000, R13=0x000000001fe64bd8, R14=0x0000000000000000, R15=0x0000000000000000
RIP=0x000000005de58f45, EFLAGS=0x0000000000010202

Top of Stack: (sp=0x0000000020a5f480)
0x0000000020a5f480:   000000001fe5b000 000000001fe5b000
0x0000000020a5f490:   0000000020a5f548 000000005e05f32b
0x0000000020a5f4a0:   000000001fe5b000 000000005e07bb8d
0x0000000020a5f4b0:   0000000000000000 000000005db79155
0x0000000020a5f4c0:   000000002589d4b8 000000005db8291e
0x0000000020a5f4d0:   000000001fe5b000 0000000000000000
0x0000000020a5f4e0:   0000000000000000 0000000000000000
0x0000000020a5f4f0:   63656a624f2f676e 000000005db81a15
0x0000000020a5f500:   0000000020a5f598 0000000020a5f570
0x0000000020a5f510:   0000000000000001 000000002589d4b8
0x0000000020a5f520:   63656a624f2f676e 000000005db653b3
0x0000000020a5f530:   0000000020a5f660 0000000000000001
0x0000000020a5f540:   0000000000000001 000000002589d4b8
0x0000000020a5f550:   0000000000000001 0000000000000000
0x0000000020a5f560:   0000000000000000 0000000000000000
0x0000000020a5f570:   0000000000000001 000000005db65571 

Instructions: (pc=0x000000005de58f45)
0x000000005de58f25:   cc cc cc cc cc cc cc cc cc cc cc 48 83 ec 28 48
0x000000005de58f35:   85 c9 75 07 33 c0 48 83 c4 28 c3 48 89 5c 24 20
0x000000005de58f45:   48 8b 19 48 85 db 74 20 48 83 fb 37 74 1a 48 8b
0x000000005de58f55:   13 48 8b cb ff 52 10 84 c0 74 0d 48 8b c3 48 8b 


Register to memory mapping:

RAX=0x0000000020a5f401 is pointing into the stack for thread: 0x000000001fe5b000
RBX=0x000000001fe5b000 is a thread
RCX=0x63656a624f2f676e is an unknown value
RDX=0x0000000000000000 is an unknown value
RSP=0x0000000020a5f480 is pointing into the stack for thread: 0x000000001fe5b000
RBP=0x63656a624f2f676e is an unknown value
RSI=0x0000000020a5f598 is pointing into the stack for thread: 0x000000001fe5b000
RDI=0x0000000004433170 is an unknown value
R8 =0x000000001fe5b000 is a thread
R9 =0x0000000000008000 is an unknown value
R10=0x0000000021616d80 is an unknown value
R11=0x0000000020a5f6d1 is pointing into the stack for thread: 0x000000001fe5b000
R12=0x0000000000000000 is an unknown value
R13=0x000000001fe64bd8 is an unknown value
R14=0x0000000000000000 is an unknown value
R15=0x0000000000000000 is an unknown value


Stack: [0x0000000020960000,0x0000000020a60000],  sp=0x0000000020a5f480,  free space=1021k
Native frames: (J=compiled Java code, j=interpreted, Vv=VM code, C=native code)
V  [jvm.dll+0x128f45]
V  [jvm.dll+0x34bb8d]
C  [jdwp.dll+0x21a15]
C  [jdwp.dll+0x53b3]
C  [jdwp.dll+0x5571]
C  [jdwp.dll+0xf0a8]
C  [jdwp.dll+0x1f2d5]
C  [jdwp.dll+0x1f4aa]
V  [jvm.dll+0x1bbf38]
V  [jvm.dll+0x243ae4]
V  [jvm.dll+0x29a99a]
C  [msvcr100.dll+0x21d9f]
C  [msvcr100.dll+0x21e3b]
C  [KERNEL32.DLL+0x11fe4]
C  [ntdll.dll+0x6efb1]


---------------  P R O C E S S  ---------------

Java Threads: ( => current thread )
  0x0000000025a1e000 JavaThread "SimplePauseDetectorThread_2" daemon [_thread_blocked, id=20248, stack(0x0000000028e50000,0x0000000028f50000)]
  0x0000000025a24800 JavaThread "SimplePauseDetectorThread_1" daemon [_thread_blocked, id=13316, stack(0x0000000028d50000,0x0000000028e50000)]
  0x0000000025a21000 JavaThread "SimplePauseDetectorThread_0" daemon [_thread_blocked, id=21692, stack(0x0000000028c50000,0x0000000028d50000)]
  0x0000000025a1d000 JavaThread "Thread-19" daemon [_thread_blocked, id=15380, stack(0x0000000028b50000,0x0000000028c50000)]
  0x0000000025a20000 JavaThread "DestroyJavaVM" [_thread_blocked, id=16304, stack(0x0000000004330000,0x0000000004430000)]
  0x0000000025a24000 JavaThread "RMI TCP Connection(11)-127.0.0.1" daemon [_thread_in_native, id=21896, stack(0x0000000028750000,0x0000000028850000)]
  0x0000000022b87000 JavaThread "http-nio-8080-AsyncTimeout" daemon [_thread_blocked, id=12760, stack(0x0000000027f50000,0x0000000028050000)]
  0x0000000022b86800 JavaThread "http-nio-8080-Acceptor-0" daemon [_thread_in_native, id=1204, stack(0x0000000027e50000,0x0000000027f50000)]
  0x0000000022b7f800 JavaThread "http-nio-8080-ClientPoller-1" daemon [_thread_in_native, id=8740, stack(0x0000000027d50000,0x0000000027e50000)]
  0x0000000022b85000 JavaThread "http-nio-8080-ClientPoller-0" daemon [_thread_in_native, id=17460, stack(0x0000000027c50000,0x0000000027d50000)]
  0x0000000022b83800 JavaThread "http-nio-8080-exec-10" daemon [_thread_blocked, id=17868, stack(0x0000000027b50000,0x0000000027c50000)]
  0x0000000022b84000 JavaThread "http-nio-8080-exec-9" daemon [_thread_blocked, id=21700, stack(0x0000000027a50000,0x0000000027b50000)]
  0x0000000022b7c000 JavaThread "http-nio-8080-exec-8" daemon [_thread_blocked, id=23436, stack(0x0000000027950000,0x0000000027a50000)]
  0x0000000022b7c800 JavaThread "http-nio-8080-exec-7" daemon [_thread_blocked, id=12848, stack(0x0000000027850000,0x0000000027950000)]
  0x0000000022b82800 JavaThread "http-nio-8080-exec-6" daemon [_thread_blocked, id=7816, stack(0x0000000027750000,0x0000000027850000)]
  0x0000000022b82000 JavaThread "http-nio-8080-exec-5" daemon [_thread_blocked, id=19204, stack(0x0000000027650000,0x0000000027750000)]
  0x0000000022b7d800 JavaThread "http-nio-8080-exec-4" daemon [_thread_blocked, id=23028, stack(0x0000000027550000,0x0000000027650000)]
  0x0000000022b7b000 JavaThread "http-nio-8080-exec-3" daemon [_thread_blocked, id=22128, stack(0x0000000027450000,0x0000000027550000)]
  0x0000000022b81000 JavaThread "http-nio-8080-exec-2" daemon [_thread_blocked, id=6896, stack(0x0000000027350000,0x0000000027450000)]
  0x0000000022b7a800 JavaThread "http-nio-8080-exec-1" daemon [_thread_blocked, id=2484, stack(0x0000000027250000,0x0000000027350000)]
  0x0000000022b7f000 JavaThread "NioBlockingSelector.BlockPoller-1" daemon [_thread_in_native, id=5528, stack(0x0000000027150000,0x0000000027250000)]
  0x0000000022b7e000 JavaThread "Live Reload Server" daemon [_thread_in_native, id=9988, stack(0x0000000027050000,0x0000000027150000)]
  0x000000002302d000 JavaThread "File Watcher" daemon [_thread_blocked, id=3024, stack(0x0000000026e50000,0x0000000026f50000)]
  0x0000000023031000 JavaThread "container-0" [_thread_blocked, id=8280, stack(0x0000000026b50000,0x0000000026c50000)]
  0x000000002302f800 JavaThread "ContainerBackgroundProcessor[StandardEngine[Tomcat]]" daemon [_thread_blocked, id=22736, stack(0x0000000026a50000,0x0000000026b50000)]
  0x000000002302c800 JavaThread "CleanCursors-1-thread-1" daemon [_thread_blocked, id=11392, stack(0x0000000025480000,0x0000000025580000)]
  0x0000000023033000 JavaThread "cluster-ClusterId{value='5a666376c394cd410cf310a6', description='null'}-localhost:27018" daemon [_thread_blocked, id=13984, stack(0x0000000025380000,0x0000000025480000)]
  0x000000002302e800 JavaThread "Thread-9" daemon [_thread_in_native, id=13448, stack(0x0000000025080000,0x0000000025180000)]
  0x0000000023031800 JavaThread "Thread-8" daemon [_thread_in_native, id=16512, stack(0x0000000024f80000,0x0000000025080000)]
  0x000000002193c800 JavaThread "JMX server connection timeout 24" daemon [_thread_blocked, id=21268, stack(0x00000000226b0000,0x00000000227b0000)]
  0x000000002192e800 JavaThread "RMI Scheduler(0)" daemon [_thread_blocked, id=20340, stack(0x00000000224b0000,0x00000000225b0000)]
  0x0000000021342000 JavaThread "RMI TCP Accept-0" daemon [_thread_in_native, id=2916, stack(0x0000000021b60000,0x0000000021c60000)]
  0x0000000021336800 JavaThread "RMI TCP Accept-64726" daemon [_thread_in_native, id=23132, stack(0x0000000021a60000,0x0000000021b60000)]
  0x0000000021326000 JavaThread "RMI TCP Accept-0" daemon [_thread_in_native, id=16496, stack(0x0000000021960000,0x0000000021a60000)]
  0x000000001ff18000 JavaThread "Service Thread" daemon [_thread_blocked, id=8268, stack(0x0000000021060000,0x0000000021160000)]
  0x000000001fe87800 JavaThread "C1 CompilerThread3" daemon [_thread_blocked, id=7936, stack(0x0000000020f60000,0x0000000021060000)]
  0x000000001fe83800 JavaThread "C2 CompilerThread2" daemon [_thread_blocked, id=11564, stack(0x0000000020e60000,0x0000000020f60000)]
  0x000000001fe83000 JavaThread "C2 CompilerThread1" daemon [_thread_blocked, id=23128, stack(0x0000000020d60000,0x0000000020e60000)]
  0x000000001fe77000 JavaThread "C2 CompilerThread0" daemon [_thread_blocked, id=18992, stack(0x0000000020c60000,0x0000000020d60000)]
  0x000000001fe6a000 JavaThread "JDWP Command Reader" daemon [_thread_in_native, id=13496, stack(0x0000000020b60000,0x0000000020c60000)]
  0x000000001fe67000 JavaThread "JDWP Event Helper Thread" daemon [_thread_blocked, id=17664, stack(0x0000000020a60000,0x0000000020b60000)]
=>0x000000001fe5b000 JavaThread "JDWP Transport Listener: dt_socket" daemon [_thread_in_vm, id=11544, stack(0x0000000020960000,0x0000000020a60000)]
  0x000000001fe4f800 JavaThread "Attach Listener" daemon [_thread_blocked, id=16076, stack(0x0000000020520000,0x0000000020620000)]
  0x000000001fe4e800 JavaThread "Signal Dispatcher" daemon [_thread_blocked, id=13576, stack(0x0000000020420000,0x0000000020520000)]
  0x000000000452e800 JavaThread "Finalizer" daemon [_thread_blocked, id=22584, stack(0x0000000020220000,0x0000000020320000)]
  0x000000000452d000 JavaThread "Reference Handler" daemon [_thread_blocked, id=3200, stack(0x000000001fd20000,0x000000001fe20000)]

Other Threads:
  0x000000001df39800 VMThread [stack: 0x000000001fc20000,0x000000001fd20000] [id=22512]
  0x000000002134f800 WatcherThread [stack: 0x0000000021c60000,0x0000000021d60000] [id=22412]

VM state:not at safepoint (normal execution)

VM Mutex/Monitor currently owned by a thread: None

Heap:
 PSYoungGen      total 187392K, used 23110K [0x000000076b500000, 0x0000000778400000, 0x00000007c0000000)
  eden space 171008K, 4% used [0x000000076b500000,0x000000076bbfa3e0,0x0000000775c00000)
  from space 16384K, 97% used [0x0000000776080000,0x00000007770176d0,0x0000000777080000)
  to   space 19968K, 0% used [0x0000000777080000,0x0000000777080000,0x0000000778400000)
 ParOldGen       total 181248K, used 22752K [0x00000006c1e00000, 0x00000006ccf00000, 0x000000076b500000)
  object space 181248K, 12% used [0x00000006c1e00000,0x00000006c34381e8,0x00000006ccf00000)
 Metaspace       used 44880K, capacity 47266K, committed 47448K, reserved 1089536K
  class space    used 6167K, capacity 6626K, committed 6744K, reserved 1048576K

Card table byte_map: [0x00000000138f0000,0x00000000140f0000] byte_map_base: 0x00000000102e1000

Marking Bits: (ParMarkBitMap*) 0x000000005e542f70
 Begin Bits: [0x0000000014e40000, 0x0000000018dc8000)
 End Bits:   [0x0000000018dc8000, 0x000000001cd50000)

Polling page: 0x0000000002560000

CodeCache: size=245760Kb used=9833Kb max_used=9850Kb free=235927Kb
 bounds [0x0000000004530000, 0x0000000004ed0000, 0x0000000013530000]
 total_blobs=5227 nmethods=4752 adapters=394
 compilation: enabled

Compilation events (10 events):
Event: 162.130 Thread 0x000000001fe87800 4857       1       java.util.concurrent.SynchronousQueue$TransferStack::shouldSpin (30 bytes)
Event: 162.130 Thread 0x000000001fe87800 nmethod 4857 0x0000000004ece410 code [0x0000000004ece560, 0x0000000004ece6d0]
Event: 180.298 Thread 0x000000001fe87800 4858       1       java.util.Date::<init> (8 bytes)
Event: 180.298 Thread 0x000000001fe87800 nmethod 4858 0x0000000004ece750 code [0x0000000004ece8a0, 0x0000000004ece9b0]
Event: 180.646 Thread 0x000000001fe87800 4859       1       com.mongodb.connection.ByteBufferBsonOutput::getPosition (9 bytes)
Event: 180.647 Thread 0x000000001fe87800 nmethod 4859 0x0000000004ecea50 code [0x0000000004ecebc0, 0x0000000004eced88]
Event: 180.647 Thread 0x000000001fe87800 4860       1       java.nio.ByteBuffer::array (35 bytes)
Event: 180.647 Thread 0x000000001fe87800 nmethod 4860 0x0000000004ecee90 code [0x0000000004ecf020, 0x0000000004ecf238]
Event: 180.648 Thread 0x000000001fe87800 4861       1       com.mongodb.connection.ReplyHeader::getNumberReturned (5 bytes)
Event: 180.648 Thread 0x000000001fe87800 nmethod 4861 0x0000000004ecf390 code [0x0000000004ecf4e0, 0x0000000004ecf5f0]

GC Heap History (10 events):
Event: 7.452 GC heap before
{Heap before GC invocations=7 (full 1):
 PSYoungGen      total 103936K, used 103904K [0x000000076b500000, 0x0000000775000000, 0x00000007c0000000)
  eden space 93184K, 100% used [0x000000076b500000,0x0000000771000000,0x0000000771000000)
  from space 10752K, 99% used [0x0000000771000000,0x0000000771a78150,0x0000000771a80000)
  to   space 13824K, 0% used [0x0000000774280000,0x0000000774280000,0x0000000775000000)
 ParOldGen       total 109056K, used 10865K [0x00000006c1e00000, 0x00000006c8880000, 0x000000076b500000)
  object space 109056K, 9% used [0x00000006c1e00000,0x00000006c289c740,0x00000006c8880000)
 Metaspace       used 31695K, capacity 32968K, committed 33280K, reserved 1077248K
  class space    used 4251K, capacity 4519K, committed 4608K, reserved 1048576K
Event: 7.467 GC heap after
Heap after GC invocations=7 (full 1):
 PSYoungGen      total 140800K, used 13809K [0x000000076b500000, 0x0000000775880000, 0x00000007c0000000)
  eden space 126976K, 0% used [0x000000076b500000,0x000000076b500000,0x0000000773100000)
  from space 13824K, 99% used [0x0000000774280000,0x0000000774ffc568,0x0000000775000000)
  to   space 17920K, 0% used [0x0000000773100000,0x0000000773100000,0x0000000774280000)
 ParOldGen       total 109056K, used 14476K [0x00000006c1e00000, 0x00000006c8880000, 0x000000076b500000)
  object space 109056K, 13% used [0x00000006c1e00000,0x00000006c2c23360,0x00000006c8880000)
 Metaspace       used 31695K, capacity 32968K, committed 33280K, reserved 1077248K
  class space    used 4251K, capacity 4519K, committed 4608K, reserved 1048576K
}
Event: 9.719 GC heap before
{Heap before GC invocations=8 (full 1):
 PSYoungGen      total 140800K, used 48797K [0x000000076b500000, 0x0000000775880000, 0x00000007c0000000)
  eden space 126976K, 27% used [0x000000076b500000,0x000000076d72af80,0x0000000773100000)
  from space 13824K, 99% used [0x0000000774280000,0x0000000774ffc568,0x0000000775000000)
  to   space 17920K, 0% used [0x0000000773100000,0x0000000773100000,0x0000000774280000)
 ParOldGen       total 109056K, used 14476K [0x00000006c1e00000, 0x00000006c8880000, 0x000000076b500000)
  object space 109056K, 13% used [0x00000006c1e00000,0x00000006c2c23360,0x00000006c8880000)
 Metaspace       used 33855K, capacity 35358K, committed 35416K, reserved 1079296K
  class space    used 4598K, capacity 4920K, committed 4952K, reserved 1048576K
Event: 9.734 GC heap after
Heap after GC invocations=8 (full 1):
 PSYoungGen      total 144896K, used 16534K [0x000000076b500000, 0x0000000778900000, 0x00000007c0000000)
  eden space 126976K, 0% used [0x000000076b500000,0x000000076b500000,0x0000000773100000)
  from space 17920K, 92% used [0x0000000773100000,0x0000000774125a08,0x0000000774280000)
  to   space 20480K, 0% used [0x0000000777500000,0x0000000777500000,0x0000000778900000)
 ParOldGen       total 109056K, used 14484K [0x00000006c1e00000, 0x00000006c8880000, 0x000000076b500000)
  object space 109056K, 13% used [0x00000006c1e00000,0x00000006c2c25360,0x00000006c8880000)
 Metaspace       used 33855K, capacity 35358K, committed 35416K, reserved 1079296K
  class space    used 4598K, capacity 4920K, committed 4952K, reserved 1048576K
}
Event: 9.734 GC heap before
{Heap before GC invocations=9 (full 2):
 PSYoungGen      total 144896K, used 16534K [0x000000076b500000, 0x0000000778900000, 0x00000007c0000000)
  eden space 126976K, 0% used [0x000000076b500000,0x000000076b500000,0x0000000773100000)
  from space 17920K, 92% used [0x0000000773100000,0x0000000774125a08,0x0000000774280000)
  to   space 20480K, 0% used [0x0000000777500000,0x0000000777500000,0x0000000778900000)
 ParOldGen       total 109056K, used 14484K [0x00000006c1e00000, 0x00000006c8880000, 0x000000076b500000)
  object space 109056K, 13% used [0x00000006c1e00000,0x00000006c2c25360,0x00000006c8880000)
 Metaspace       used 33855K, capacity 35358K, committed 35416K, reserved 1079296K
  class space    used 4598K, capacity 4920K, committed 4952K, reserved 1048576K
Event: 9.811 GC heap after
Heap after GC invocations=9 (full 2):
 PSYoungGen      total 144896K, used 0K [0x000000076b500000, 0x0000000778900000, 0x00000007c0000000)
  eden space 126976K, 0% used [0x000000076b500000,0x000000076b500000,0x0000000773100000)
  from space 17920K, 0% used [0x0000000773100000,0x0000000773100000,0x0000000774280000)
  to   space 20480K, 0% used [0x0000000777500000,0x0000000777500000,0x0000000778900000)
 ParOldGen       total 181248K, used 22736K [0x00000006c1e00000, 0x00000006ccf00000, 0x000000076b500000)
  object space 181248K, 12% used [0x00000006c1e00000,0x00000006c34341e8,0x00000006ccf00000)
 Metaspace       used 33855K, capacity 35358K, committed 35416K, reserved 1079296K
  class space    used 4598K, capacity 4920K, committed 4952K, reserved 1048576K
}
Event: 12.568 GC heap before
{Heap before GC invocations=10 (full 2):
 PSYoungGen      total 144896K, used 126976K [0x000000076b500000, 0x0000000778900000, 0x00000007c0000000)
  eden space 126976K, 100% used [0x000000076b500000,0x0000000773100000,0x0000000773100000)
  from space 17920K, 0% used [0x0000000773100000,0x0000000773100000,0x0000000774280000)
  to   space 20480K, 0% used [0x0000000777500000,0x0000000777500000,0x0000000778900000)
 ParOldGen       total 181248K, used 22736K [0x00000006c1e00000, 0x00000006ccf00000, 0x000000076b500000)
  object space 181248K, 12% used [0x00000006c1e00000,0x00000006c34341e8,0x00000006ccf00000)
 Metaspace       used 39694K, capacity 41546K, committed 41688K, reserved 1085440K
  class space    used 5447K, capacity 5834K, committed 5848K, reserved 1048576K
Event: 12.580 GC heap after
Heap after GC invocations=10 (full 2):
 PSYoungGen      total 193536K, used 10502K [0x000000076b500000, 0x0000000778680000, 0x00000007c0000000)
  eden space 175616K, 0% used [0x000000076b500000,0x000000076b500000,0x0000000776080000)
  from space 17920K, 58% used [0x0000000777500000,0x0000000777f41b80,0x0000000778680000)
  to   space 19456K, 0% used [0x0000000776080000,0x0000000776080000,0x0000000777380000)
 ParOldGen       total 181248K, used 22744K [0x00000006c1e00000, 0x00000006ccf00000, 0x000000076b500000)
  object space 181248K, 12% used [0x00000006c1e00000,0x00000006c34361e8,0x00000006ccf00000)
 Metaspace       used 39694K, capacity 41546K, committed 41688K, reserved 1085440K
  class space    used 5447K, capacity 5834K, committed 5848K, reserved 1048576K
}
Event: 164.693 GC heap before
{Heap before GC invocations=11 (full 2):
 PSYoungGen      total 193536K, used 186118K [0x000000076b500000, 0x0000000778680000, 0x00000007c0000000)
  eden space 175616K, 100% used [0x000000076b500000,0x0000000776080000,0x0000000776080000)
  from space 17920K, 58% used [0x0000000777500000,0x0000000777f41b80,0x0000000778680000)
  to   space 19456K, 0% used [0x0000000776080000,0x0000000776080000,0x0000000777380000)
 ParOldGen       total 181248K, used 22744K [0x00000006c1e00000, 0x00000006ccf00000, 0x000000076b500000)
  object space 181248K, 12% used [0x00000006c1e00000,0x00000006c34361e8,0x00000006ccf00000)
 Metaspace       used 44873K, capacity 47202K, committed 47448K, reserved 1089536K
  class space    used 6167K, capacity 6626K, committed 6744K, reserved 1048576K
Event: 164.713 GC heap after
Heap after GC invocations=11 (full 2):
 PSYoungGen      total 187392K, used 15965K [0x000000076b500000, 0x0000000778400000, 0x00000007c0000000)
  eden space 171008K, 0% used [0x000000076b500000,0x000000076b500000,0x0000000775c00000)
  from space 16384K, 97% used [0x0000000776080000,0x00000007770176d0,0x0000000777080000)
  to   space 19968K, 0% used [0x0000000777080000,0x0000000777080000,0x0000000778400000)
 ParOldGen       total 181248K, used 22752K [0x00000006c1e00000, 0x00000006ccf00000, 0x000000076b500000)
  object space 181248K, 12% used [0x00000006c1e00000,0x00000006c34381e8,0x00000006ccf00000)
 Metaspace       used 44873K, capacity 47202K, committed 47448K, reserved 1089536K
  class space    used 6167K, capacity 6626K, committed 6744K, reserved 1048576K
}

Deoptimization events (0 events):
No events

Internal exceptions (10 events):
Event: 48.727 Thread 0x0000000022b81000 Exception <a 'java/lang/ClassNotFoundException': org/springframework/web/servlet/FlashMapManagerCustomizer> (0x0000000774bcf610) thrown at [C:\re\workspace\8-2-build-windows-amd64-cygwin\jdk8u91\6644\hotspot\src\share\vm\classfile\systemDictionary.cpp, lin¨KD?˘èO@
Event: 63.125 Thread 0x0000000022b81000 Exception <a 'java/lang/ArrayIndexOutOfBoundsException'> (0x0000000774f63d18) thrown at [C:\re\workspace\8-2-build-windows-amd64-cygwin\jdk8u91\6644\hotspot\src\share\vm\runtime\sharedRuntime.cpp, line 605]
Event: 63.136 Thread 0x0000000022b81000 Exception <a 'java/lang/ArrayIndexOutOfBoundsException'> (0x0000000774fc52d8) thrown at [C:\re\workspace\8-2-build-windows-amd64-cygwin\jdk8u91\6644\hotspot\src\share\vm\runtime\sharedRuntime.cpp, line 605]
Event: 63.137 Thread 0x0000000022b81000 Exception <a 'java/lang/ArrayIndexOutOfBoundsException'> (0x0000000774fcab50) thrown at [C:\re\workspace\8-2-build-windows-amd64-cygwin\jdk8u91\6644\hotspot\src\share\vm\runtime\sharedRuntime.cpp, line 605]
Event: 88.814 Thread 0x0000000022b81000 Exception <a 'java/lang/NoSuchMethodError': java.lang.Object.lambda$thenComparing$36697e65$1(Ljava/util/Comparator;Ljava/lang/Object;Ljava/lang/Object;)I> (0x00000007751d13c0) thrown at [C:\re\workspace\8-2-build-windows-amd64-cygwin\jdk8u91\6644\hotspot\s9
yz-7V@
Event: 88.862 Thread 0x0000000022b81000 Exception <a 'java/lang/ArrayIndexOutOfBoundsException'> (0x000000077543bc20) thrown at [C:\re\workspace\8-2-build-windows-amd64-cygwin\jdk8u91\6644\hotspot\src\share\vm\runtime\sharedRuntime.cpp, line 605]
Event: 88.863 Thread 0x0000000022b81000 Exception <a 'java/lang/ArrayIndexOutOfBoundsException'> (0x000000077543d9f0) thrown at [C:\re\workspace\8-2-build-windows-amd64-cygwin\jdk8u91\6644\hotspot\src\share\vm\runtime\sharedRuntime.cpp, line 605]
Event: 88.872 Thread 0x0000000022b81000 Exception <a 'java/lang/ArrayIndexOutOfBoundsException'> (0x00000007754c9308) thrown at [C:\re\workspace\8-2-build-windows-amd64-cygwin\jdk8u91\6644\hotspot\src\share\vm\runtime\sharedRuntime.cpp, line 605]
Event: 88.873 Thread 0x0000000022b81000 Exception <a 'java/lang/ArrayIndexOutOfBoundsException'> (0x00000007754ca4b0) thrown at [C:\re\workspace\8-2-build-windows-amd64-cygwin\jdk8u91\6644\hotspot\src\share\vm\runtime\sharedRuntime.cpp, line 605]
Event: 88.893 Thread 0x0000000022b81000 Exception <a 'java/lang/ArrayIndexOutOfBoundsException'> (0x00000007755e3d48) thrown at [C:\re\workspace\8-2-build-windows-amd64-cygwin\jdk8u91\6644\hotspot\src\share\vm\runtime\sharedRuntime.cpp, line 605]

Events (10 events):
Event: 148.987 Executing VM operation: RevokeBias
Event: 148.988 Executing VM operation: RevokeBias done
Event: 164.693 Executing VM operation: ParallelGCFailedAllocation
Event: 164.713 Executing VM operation: ParallelGCFailedAllocation done
Event: 180.648 Thread 0x000000001fe87800 flushing nmethod 0x0000000004b3a0d0
Event: 180.648 Thread 0x000000001fe87800 flushing nmethod 0x0000000004b3de90
Event: 180.648 Thread 0x000000001fe87800 flushing nmethod 0x0000000004b3e510
Event: 180.648 Thread 0x000000001fe87800 flushing nmethod 0x0000000004b3f3d0
Event: 186.056 Executing VM operation: RedefineClasses
Event: 186.086 Executing VM operation: RedefineClasses done


Dynamic libraries:
0x00007ff663830000 - 0x00007ff663867000 	C:\Oracle\Java\jdk1.8.0_91\bin\javaw.exe
0x00007ffdc5180000 - 0x00007ffdc5360000 	C:\WINDOWS\SYSTEM32\ntdll.dll
0x00007ffdc2bf0000 - 0x00007ffdc2c9e000 	C:\WINDOWS\System32\KERNEL32.DLL
0x00007ffdc1920000 - 0x00007ffdc1b86000 	C:\WINDOWS\System32\KERNELBASE.dll
0x00007ffdc5040000 - 0x00007ffdc50e1000 	C:\WINDOWS\System32\ADVAPI32.dll
0x00007ffdc4460000 - 0x00007ffdc44fd000 	C:\WINDOWS\System32\msvcrt.dll
0x00007ffdc50f0000 - 0x00007ffdc514b000 	C:\WINDOWS\System32\sechost.dll
0x00007ffdc4590000 - 0x00007ffdc46af000 	C:\WINDOWS\System32\RPCRT4.dll
0x00007ffdc4db0000 - 0x00007ffdc4f3f000 	C:\WINDOWS\System32\USER32.dll
0x00007ffdc1600000 - 0x00007ffdc1620000 	C:\WINDOWS\System32\win32u.dll
0x00007ffdc4f40000 - 0x00007ffdc4f68000 	C:\WINDOWS\System32\GDI32.dll
0x00007ffdc24b0000 - 0x00007ffdc2643000 	C:\WINDOWS\System32\gdi32full.dll
0x00007ffdc16d0000 - 0x00007ffdc176b000 	C:\WINDOWS\System32\msvcp_win.dll
0x00007ffdc1820000 - 0x00007ffdc1916000 	C:\WINDOWS\System32\ucrtbase.dll
0x00007ffdac200000 - 0x00007ffdac469000 	C:\WINDOWS\WinSxS\amd64_microsoft.windows.common-controls_6595b64144ccf1df_6.0.16299.192_none_15c8cdae9364c23b\COMCTL32.dll
0x00007ffdc48b0000 - 0x00007ffdc4bb8000 	C:\WINDOWS\System32\combase.dll
0x00007ffdc1580000 - 0x00007ffdc15f2000 	C:\WINDOWS\System32\bcryptPrimitives.dll
0x00007ffdc4500000 - 0x00007ffdc452d000 	C:\WINDOWS\System32\IMM32.DLL
0x000000005e5d0000 - 0x000000005e6a2000 	C:\Oracle\Java\jdk1.8.0_91\jre\bin\msvcr100.dll
0x000000005dd30000 - 0x000000005e5c3000 	C:\Oracle\Java\jdk1.8.0_91\jre\bin\server\jvm.dll
0x00007ffdc46b0000 - 0x00007ffdc46b8000 	C:\WINDOWS\System32\PSAPI.DLL
0x00007ffdb14b0000 - 0x00007ffdb14b9000 	C:\WINDOWS\SYSTEM32\WSOCK32.dll
0x00007ffdbe180000 - 0x00007ffdbe1a3000 	C:\WINDOWS\SYSTEM32\WINMM.dll
0x00007ffdb47b0000 - 0x00007ffdb47ba000 	C:\WINDOWS\SYSTEM32\VERSION.dll
0x00007ffdc4840000 - 0x00007ffdc48ac000 	C:\WINDOWS\System32\WS2_32.dll
0x00007ffdbe150000 - 0x00007ffdbe17a000 	C:\WINDOWS\SYSTEM32\winmmbase.dll
0x00007ffdc1620000 - 0x00007ffdc166a000 	C:\WINDOWS\System32\cfgmgr32.dll
0x000000005ea30000 - 0x000000005ea3f000 	C:\Oracle\Java\jdk1.8.0_91\jre\bin\verify.dll
0x000000005dd00000 - 0x000000005dd29000 	C:\Oracle\Java\jdk1.8.0_91\jre\bin\java.dll
0x000000005db60000 - 0x000000005db95000 	C:\Oracle\Java\jdk1.8.0_91\jre\bin\jdwp.dll
0x000000005db50000 - 0x000000005db58000 	C:\Oracle\Java\jdk1.8.0_91\jre\bin\npt.dll
0x000000005dcb0000 - 0x000000005dcc6000 	C:\Oracle\Java\jdk1.8.0_91\jre\bin\zip.dll
0x00007ffdc2e80000 - 0x00007ffdc42b6000 	C:\WINDOWS\System32\SHELL32.dll
0x00007ffdc2d20000 - 0x00007ffdc2dc6000 	C:\WINDOWS\System32\shcore.dll
0x00007ffdc1b90000 - 0x00007ffdc22d7000 	C:\WINDOWS\System32\windows.storage.dll
0x00007ffdc2ca0000 - 0x00007ffdc2cf1000 	C:\WINDOWS\System32\shlwapi.dll
0x00007ffdc1560000 - 0x00007ffdc1571000 	C:\WINDOWS\System32\kernel.appcore.dll
0x00007ffdc14d0000 - 0x00007ffdc151c000 	C:\WINDOWS\System32\powrprof.dll
0x00007ffdc1540000 - 0x00007ffdc155b000 	C:\WINDOWS\System32\profapi.dll
0x000000005b510000 - 0x000000005b519000 	C:\Oracle\Java\jdk1.8.0_91\jre\bin\dt_socket.dll
0x00007ffdb0e20000 - 0x00007ffdb0e36000 	C:\WINDOWS\system32\napinsp.dll
0x00007ffdb0650000 - 0x00007ffdb066a000 	C:\WINDOWS\system32\pnrpnsp.dll
0x00007ffdbb0c0000 - 0x00007ffdbb0d8000 	C:\WINDOWS\system32\NLAapi.dll
0x00007ffdc0d00000 - 0x00007ffdc0d66000 	C:\WINDOWS\System32\mswsock.dll
0x00007ffdc0ad0000 - 0x00007ffdc0b86000 	C:\WINDOWS\SYSTEM32\DNSAPI.dll
0x00007ffdc4830000 - 0x00007ffdc4838000 	C:\WINDOWS\System32\NSI.dll
0x00007ffdc0a90000 - 0x00007ffdc0ac9000 	C:\WINDOWS\SYSTEM32\IPHLPAPI.DLL
0x00007ffdb03e0000 - 0x00007ffdb03ee000 	C:\WINDOWS\System32\winrnr.dll
0x00007ffdb0340000 - 0x00007ffdb0355000 	C:\WINDOWS\System32\wshbth.dll
0x00007ffdbb880000 - 0x00007ffdbb8f0000 	C:\WINDOWS\System32\fwpuclnt.dll
0x00007ffdc1030000 - 0x00007ffdc1055000 	C:\WINDOWS\SYSTEM32\bcrypt.dll
0x00007ffdb8710000 - 0x00007ffdb871a000 	C:\Windows\System32\rasadhlp.dll
0x000000005dc30000 - 0x000000005dc3d000 	C:\Oracle\Java\jdk1.8.0_91\jre\bin\management.dll
0x000000005dc90000 - 0x000000005dcaa000 	C:\Oracle\Java\jdk1.8.0_91\jre\bin\net.dll
0x000000005dc70000 - 0x000000005dc81000 	C:\Oracle\Java\jdk1.8.0_91\jre\bin\nio.dll
0x00007ffdc0ec0000 - 0x00007ffdc0ed7000 	C:\WINDOWS\SYSTEM32\CRYPTSP.dll
0x00007ffdc0910000 - 0x00007ffdc0943000 	C:\WINDOWS\system32\rsaenh.dll
0x00007ffdc13d0000 - 0x00007ffdc13f9000 	C:\WINDOWS\SYSTEM32\USERENV.dll
0x00007ffdc0ee0000 - 0x00007ffdc0eeb000 	C:\WINDOWS\SYSTEM32\CRYPTBASE.dll
0x00007ffdbc4a0000 - 0x00007ffdbc4b6000 	C:\WINDOWS\SYSTEM32\dhcpcsvc6.DLL
0x00007ffdbc480000 - 0x00007ffdbc49a000 	C:\WINDOWS\SYSTEM32\dhcpcsvc.DLL
0x00007ffdc0610000 - 0x00007ffdc0641000 	C:\WINDOWS\SYSTEM32\ntmarta.dll
0x00007ffdbf6e0000 - 0x00007ffdbf768000 	C:\WINDOWS\system32\apphelp.dll
0x00007ffdaa560000 - 0x00007ffdaa5a2000 	C:\Users\Juliano\AppData\Local\Temp\jna-408371386\jna1901001524843862846.dll
0x000000005dc40000 - 0x000000005dc64000 	C:\Oracle\Java\jdk1.8.0_91\jre\bin\sunec.dll
0x00007ffdb75c0000 - 0x00007ffdb7788000 	C:\WINDOWS\SYSTEM32\dbghelp.dll

VM Arguments:
jvm_args: -agentlib:jdwp=transport=dt_socket,suspend=y,address=localhost:64727 -Dcom.sun.management.jmxremote -Dcom.sun.management.jmxremote.port=64726 -Dcom.sun.management.jmxremote.authenticate=false -Dcom.sun.management.jmxremote.ssl=false -Djava.rmi.server.hostname=localhost -Dspring.liveBeansView.mbeanDomain -Dspring.application.admin.enabled=true -Xverify:none -XX:TieredStopAtLevel=1 -Dfile.encoding=Cp1252 
java_command: io.jcervelin.ideas.QuizBaseApplication --spring.output.ansi.enabled=always
java_class_path (initial): C:\Oracle\Java\jdk1.8.0_91\jre\lib\resources.jar;C:\Oracle\Java\jdk1.8.0_91\jre\lib\rt.jar;C:\Oracle\Java\jdk1.8.0_91\jre\lib\jsse.jar;C:\Oracle\Java\jdk1.8.0_91\jre\lib\jce.jar;C:\Oracle\Java\jdk1.8.0_91\jre\lib\charsets.jar;C:\Oracle\Java\jdk1.8.0_91\jre\lib\jfr.jar;C:\Oracle\Java\jdk1.8.0_91\jre\lib\ext\access-bridge-64.jar;C:\Oracle\Java\jdk1.8.0_91\jre\lib\ext\cldrdata.jar;C:\Oracle\Java\jdk1.8.0_91\jre\lib\ext\dnsns.jar;C:\Oracle\Java\jdk1.8.0_91\jre\lib\ext\jaccess.jar;C:\Oracle\Java\jdk1.8.0_91\jre\lib\ext\jfxrt.jar;C:\Oracle\Java\jdk1.8.0_91\jre\lib\ext\localedata.jar;C:\Oracle\Java\jdk1.8.0_91\jre\lib\ext\nashorn.jar;C:\Oracle\Java\jdk1.8.0_91\jre\lib\ext\sunec.jar;C:\Oracle\Java\jdk1.8.0_91\jre\lib\ext\sunjce_provider.jar;C:\Oracle\Java\jdk1.8.0_91\jre\lib\ext\sunmscapi.jar;C:\Oracle\Java\jdk1.8.0_91\jre\lib\ext\sunpkcs11.jar;C:\Oracle\Java\jdk1.8.0_91\jre\lib\ext\zipfs.jar;C:\Workspaces\Juliano\sts\spring-boot\quiz-base\bin;C:\Users\Juliano\.gradle\caches\modules-2\files-2.1\org.springframework.boot\spring-boot-starter-actuator\2.0.0.M7\466bee1721e6d7c3db57ae91d0e9802d980384ec\spring-boot-starter-actuator-2.0.0.M7.jar;C:\Users\Juliano\.gradle\caches\modules-2\files-2.1\org.springframework.boot\spring-boot-starter-data-mongodb\2.0.0.M7\220c0505eac5f82cad3ef0cc71f0efe29807aa8b\spring-boot-starter-data-mongodb-2.0.0.M7.jar;C:\Users\Juliano\.gradle\caches\modules-2\files-2.1\org.springframework.boot\spring-boot-starter-data-rest\2.0.0.M7\228ec1e2c581d73856c8ac486697cdbe8033b304\spring-boot-starter-data-rest-2.0.0.M7.jar;C:\Users\Juliano\.gradle\caches\modules-2\files-2.1\cz.jirutka.spring\embedmongo-spring\1.1\e03806a99ca4f67e47bf0588e923694b872b8d3d\embedmongo-spring-1.1.jar;C:\Users\Juliano\.gradle\caches\modules-2\files-2.1\de.flapdoodle.embed\de.flapdoodle.embed.mongo\1.50.5\2393e167c3c6ed6b896470fdb813244769ac0d3f\de.flapdoodle.embed.mongo-1.50.5.jar;C:\Users\Juliano\.gradle\caches\modules-2\files-2.1\org.springframework.dat
Launcher Type: SUN_STANDARD

Environment Variables:
JAVA_HOME=C:\Oracle\Java\jdk1.8.0_91
PATH=C:\Oracle\Java\jdk1.8.0_91\jre\bin;C:\Program Files\Docker\Docker\Resources\bin;C:\Oracle\Java\jdk1.8.0_91\bin;C:\Program Files (x86)\CA\SC\etpki\lib;C:\Program Files (x86)\CA\SharedComponents\PEC\bin_MODIFICADO;C:\Softs\apache-maven-3.5.2\bin;C:\Softs;C:\Oracle\DB\product\11.2.0\dbhome_1\BIN;C:\Windows\System32;C:\Windows;C:\Windows\System32\wbem;C:\Windows\System32\WindowsPowerShell\v1.0\;C:\Program Files\TortoiseSVN\bin;C:\Program Files (x86)\CA\Cryptography\;C:\Program Files (x86)\CA\SCM;C:\HashiCorp\Vagrant\bin;C:\Program Files\Git\cmd;C:\mongodb\bin;C:\Program Files (x86)\OpenSSH\bin;C:\sonar-scanner-2.8\bin;C:\Program Files (x86)\Skype\Phone\;C:\Oracle\Java\jdk1.8.0_91\bin;C:\Program Files\nodejs\;C:\Softs\erlang9.2\bin;C:\Users\Juliano\AppData\Local\Microsoft\WindowsApps;C:\Program Files\Heroku\bin;C:\Users\Juliano\AppData\Roaming\npm;C:\Program Files\Microsoft VS Code\bin
USERNAME=Juliano
OS=Windows_NT
PROCESSOR_IDENTIFIER=Intel64 Family 6 Model 58 Stepping 9, GenuineIntel



---------------  S Y S T E M  ---------------

OS: Windows 10.0 , 64 bit Build 16299 (10.0.16299.15)

CPU:total 8 (4 cores per cpu, 2 threads per core) family 6 model 58 stepping 9, cmov, cx8, fxsr, mmx, sse, sse2, sse3, ssse3, sse4.1, sse4.2, popcnt, avx, aes, clmul, erms, ht, tsc, tscinvbit, tscinv

Memory: 4k page, physical 16649576k(3376052k free), swap 31425484k(5018580k free)

vm_info: Java HotSpot(TM) 64-Bit Server VM (25.91-b14) for windows-amd64 JRE (1.8.0_91-b14), built on Apr  1 2016 00:58:32 by "java_re" with MS VC++ 10.0 (VS2010)

time: Mon Jan 22 20:22:30 2018
elapsed time: 186 seconds (0d 0h 3m 6s)

